<?xml version="1.0" encoding="UTF-8"?>
<!-- Generated by org.testng.reporters.JUnitReportReporter -->
<testsuite hostname="DLLB0526" name="com.qait.hris.pages.HomePageTest" tests="1" failures="0" timestamp="20 Oct 2016 13:55:49 GMT" time="11.627" errors="0">
  <testcase name="logIn" time="11.627" classname="com.qait.hris.pages.HomePageTest"/>
</testsuite> <!-- com.qait.hris.pages.HomePageTest -->
